2020-10-16 01:10:36,612 - urllib3.connectionpool - DEBUG - Starting new HTTPS connection (1): api.igdb.com:443
2020-10-16 01:10:36,768 - urllib3.connectionpool - DEBUG - https://api.igdb.com:443 "POST /v4/covers HTTP/1.1" 401 26
2020-10-16 01:11:10,089 - urllib3.connectionpool - DEBUG - Starting new HTTPS connection (1): api.igdb.com:443
2020-10-16 01:11:10,340 - urllib3.connectionpool - DEBUG - https://api.igdb.com:443 "POST /v4/covers HTTP/1.1" 401 26
2020-10-16 01:11:22,723 - urllib3.connectionpool - DEBUG - Starting new HTTPS connection (1): api.igdb.com:443
2020-10-16 01:11:22,872 - urllib3.connectionpool - DEBUG - https://api.igdb.com:443 "POST /v4/covers HTTP/1.1" 401 26
2020-10-16 01:11:22,874 - root - ERROR - Something went wrong when calling the API: 'dict' object has no attribute 'url'
2020-10-16 01:28:41,355 - urllib3.connectionpool - DEBUG - Starting new HTTPS connection (1): api.igdb.com:443
2020-10-16 01:28:41,511 - urllib3.connectionpool - DEBUG - https://api.igdb.com:443 "POST /v4/covers HTTP/1.1" 401 26
2020-10-16 01:28:41,511 - root - ERROR - Something went wrong when calling the API: 'dict' object has no attribute 'url'
2020-10-16 01:29:07,846 - urllib3.connectionpool - DEBUG - Starting new HTTPS connection (1): api.igdb.com:443
2020-10-16 01:29:08,112 - urllib3.connectionpool - DEBUG - https://api.igdb.com:443 "POST /v4/covers HTTP/1.1" 401 26
2020-10-16 01:29:08,114 - root - ERROR - Something went wrong when calling the API: 'dict' object has no attribute 'url'
2020-10-16 01:30:55,700 - urllib3.connectionpool - DEBUG - Starting new HTTPS connection (1): api.igdb.com:443
2020-10-16 01:30:55,871 - urllib3.connectionpool - DEBUG - https://api.igdb.com:443 "POST /v4/covers HTTP/1.1" 401 26
2020-10-16 01:31:27,733 - urllib3.connectionpool - DEBUG - Starting new HTTPS connection (1): api.igdb.com:443
2020-10-16 01:31:27,904 - urllib3.connectionpool - DEBUG - https://api.igdb.com:443 "POST /v4/covers HTTP/1.1" 401 26
2020-10-16 01:32:37,045 - urllib3.connectionpool - DEBUG - Starting new HTTPS connection (1): api.igdb.com:443
2020-10-16 01:32:37,203 - urllib3.connectionpool - DEBUG - https://api.igdb.com:443 "POST /v4/covers HTTP/1.1" 401 26
2020-10-16 01:33:27,013 - urllib3.connectionpool - DEBUG - Starting new HTTPS connection (1): api.igdb.com:443
2020-10-16 01:33:27,260 - urllib3.connectionpool - DEBUG - https://api.igdb.com:443 "POST /v4/covers HTTP/1.1" 401 26
2020-10-16 01:33:43,266 - urllib3.connectionpool - DEBUG - Starting new HTTPS connection (1): api.igdb.com:443
2020-10-16 01:33:43,535 - urllib3.connectionpool - DEBUG - https://api.igdb.com:443 "POST /v4/covers HTTP/1.1" 401 26
2020-10-16 01:34:38,910 - urllib3.connectionpool - DEBUG - Starting new HTTPS connection (1): api.igdb.com:443
2020-10-16 01:34:39,063 - urllib3.connectionpool - DEBUG - https://api.igdb.com:443 "POST /v4/covers HTTP/1.1" 401 26
2020-10-16 01:37:50,294 - urllib3.connectionpool - DEBUG - Starting new HTTPS connection (1): api.igdb.com:443
2020-10-16 01:37:50,456 - urllib3.connectionpool - DEBUG - https://api.igdb.com:443 "POST /v4/covers HTTP/1.1" 401 26
2020-10-16 01:38:01,516 - urllib3.connectionpool - DEBUG - Starting new HTTPS connection (1): api.igdb.com:443
2020-10-16 01:38:01,673 - urllib3.connectionpool - DEBUG - https://api.igdb.com:443 "POST /v4/covers HTTP/1.1" 401 26
2020-10-16 01:42:40,297 - urllib3.connectionpool - DEBUG - Starting new HTTPS connection (1): api.igdb.com:443
2020-10-16 01:42:40,868 - urllib3.connectionpool - DEBUG - https://api.igdb.com:443 "POST /v4/covers HTTP/1.1" 403 None
2020-10-16 01:43:21,995 - urllib3.connectionpool - DEBUG - Starting new HTTPS connection (1): api.igdb.com:443
2020-10-16 01:43:22,312 - urllib3.connectionpool - DEBUG - https://api.igdb.com:443 "POST /v4/covers HTTP/1.1" 403 None
2020-10-16 01:54:12,164 - urllib3.connectionpool - DEBUG - Starting new HTTPS connection (1): api.igdb.com:443
2020-10-16 01:54:12,739 - urllib3.connectionpool - DEBUG - https://api.igdb.com:443 "POST /v4/covers HTTP/1.1" 403 None
2020-10-16 01:54:25,123 - urllib3.connectionpool - DEBUG - Starting new HTTPS connection (1): api.igdb.com:443
2020-10-16 01:54:25,670 - urllib3.connectionpool - DEBUG - https://api.igdb.com:443 "POST /v4/covers HTTP/1.1" 403 None
2020-10-16 01:54:35,887 - urllib3.connectionpool - DEBUG - Starting new HTTPS connection (1): api.igdb.com:443
2020-10-16 01:54:36,384 - urllib3.connectionpool - DEBUG - https://api.igdb.com:443 "POST /v4/covers HTTP/1.1" 403 None
2020-10-16 01:55:07,561 - urllib3.connectionpool - DEBUG - Starting new HTTPS connection (1): api.igdb.com:443
2020-10-16 01:55:07,906 - urllib3.connectionpool - DEBUG - https://api.igdb.com:443 "POST /v4/covers HTTP/1.1" 403 None
2020-10-16 01:55:57,619 - urllib3.connectionpool - DEBUG - Starting new HTTPS connection (1): api.igdb.com:443
2020-10-16 01:55:57,871 - urllib3.connectionpool - DEBUG - https://api.igdb.com:443 "POST /v4/covers HTTP/1.1" 403 None
2020-10-16 01:57:05,072 - urllib3.connectionpool - DEBUG - Starting new HTTPS connection (1): api.igdb.com:443
2020-10-16 01:57:05,495 - urllib3.connectionpool - DEBUG - https://api.igdb.com:443 "POST /v4/covers HTTP/1.1" 200 None
2020-10-16 01:58:41,986 - urllib3.connectionpool - DEBUG - Starting new HTTPS connection (1): api.igdb.com:443
2020-10-16 01:58:42,455 - urllib3.connectionpool - DEBUG - https://api.igdb.com:443 "POST /v4/covers HTTP/1.1" 200 None
2020-10-16 01:59:51,937 - urllib3.connectionpool - DEBUG - Starting new HTTPS connection (1): api.igdb.com:443
2020-10-16 01:59:52,458 - urllib3.connectionpool - DEBUG - https://api.igdb.com:443 "POST /v4/covers HTTP/1.1" 200 None
2020-10-16 02:01:02,828 - urllib3.connectionpool - DEBUG - Starting new HTTPS connection (1): api.igdb.com:443
2020-10-16 02:01:03,215 - urllib3.connectionpool - DEBUG - https://api.igdb.com:443 "POST /v4/covers HTTP/1.1" 200 None
2020-10-16 02:01:35,308 - urllib3.connectionpool - DEBUG - Starting new HTTPS connection (1): api.igdb.com:443
2020-10-16 02:01:35,580 - urllib3.connectionpool - DEBUG - https://api.igdb.com:443 "POST /v4/covers HTTP/1.1" 200 None
2020-10-16 02:02:21,330 - urllib3.connectionpool - DEBUG - Starting new HTTPS connection (1): api.igdb.com:443
2020-10-16 02:02:22,021 - urllib3.connectionpool - DEBUG - https://api.igdb.com:443 "POST /v4/covers HTTP/1.1" 200 None
2020-10-16 02:02:50,918 - urllib3.connectionpool - DEBUG - Starting new HTTPS connection (1): api.igdb.com:443
2020-10-16 02:02:51,362 - urllib3.connectionpool - DEBUG - https://api.igdb.com:443 "POST /v4/covers HTTP/1.1" 200 None
